2024-10-02 11:42:39,824 p=24109 u=root n=ansible | PLAY [monitoring-server] ****************************************************************************************************
2024-10-02 11:42:39,838 p=24109 u=root n=ansible | TASK [Gathering Facts] ******************************************************************************************************
2024-10-02 11:42:42,867 p=24109 u=root n=ansible | ok: [monitoring-server]
2024-10-02 11:42:42,885 p=24109 u=root n=ansible | TASK [Hello] ****************************************************************************************************************
2024-10-02 11:42:42,915 p=24109 u=root n=ansible | ok: [monitoring-server] => (item=Server1) => {
    "msg": "Hello Server1"
}
2024-10-02 11:42:42,919 p=24109 u=root n=ansible | ok: [monitoring-server] => (item=Server2) => {
    "msg": "Hello Server2"
}
2024-10-02 11:42:42,924 p=24109 u=root n=ansible | ok: [monitoring-server] => (item=Server3) => {
    "msg": "Hello Server3"
}
2024-10-02 11:42:42,948 p=24109 u=root n=ansible | PLAY RECAP ******************************************************************************************************************
2024-10-02 11:42:42,948 p=24109 u=root n=ansible | monitoring-server          : ok=2    changed=0    unreachable=0    failed=0    skipped=0    rescued=0    ignored=0   
2024-10-02 11:49:04,244 p=24755 u=root n=ansible | PLAY [monitoring-server] ****************************************************************************************************
2024-10-02 11:49:04,254 p=24755 u=root n=ansible | TASK [Gathering Facts] ******************************************************************************************************
2024-10-02 11:49:07,033 p=24755 u=root n=ansible | ok: [monitoring-server]
2024-10-02 11:49:07,052 p=24755 u=root n=ansible | TASK [Loop] *****************************************************************************************************************
2024-10-02 11:49:07,080 p=24755 u=root n=ansible | ok: [monitoring-server] => (item=1) => {
    "msg": "Hello 1"
}
2024-10-02 11:49:07,085 p=24755 u=root n=ansible | ok: [monitoring-server] => (item=2) => {
    "msg": "Hello 2"
}
2024-10-02 11:49:07,090 p=24755 u=root n=ansible | ok: [monitoring-server] => (item=3) => {
    "msg": "Hello 3"
}
2024-10-02 11:49:07,119 p=24755 u=root n=ansible | TASK [Loop Until] ***********************************************************************************************************
2024-10-02 11:49:14,686 p=24755 u=root n=ansible | changed: [monitoring-server]
2024-10-02 11:49:14,703 p=24755 u=root n=ansible | TASK [Print output] *********************************************************************************************************
2024-10-02 11:49:14,733 p=24755 u=root n=ansible | ok: [monitoring-server] => {
    "output.stdout": "ZZZZ"
}
2024-10-02 11:49:14,756 p=24755 u=root n=ansible | PLAY RECAP ******************************************************************************************************************
2024-10-02 11:49:14,757 p=24755 u=root n=ansible | monitoring-server          : ok=4    changed=1    unreachable=0    failed=0    skipped=0    rescued=0    ignored=0   
2024-10-02 12:11:36,829 p=26924 u=root n=ansible | PLAY [Install Apache and Upload web page to monitoring-server] **************************************************************
2024-10-02 12:11:36,851 p=26924 u=root n=ansible | TASK [Gathering Facts] ******************************************************************************************************
2024-10-02 12:11:39,315 p=26924 u=root n=ansible | ok: [proxy-server]
2024-10-02 12:11:39,340 p=26924 u=root n=ansible | ok: [monitoring-server]
2024-10-02 12:11:40,046 p=26924 u=root n=ansible | fatal: [app-server]: UNREACHABLE! => {"changed": false, "msg": "Failed to connect to the host via ssh: ssh: connect to host 192.168.140.137 port 2424: No route to host", "unreachable": true}
2024-10-02 12:11:40,070 p=26924 u=root n=ansible | TASK [List controlled servers] **********************************************************************************************
2024-10-02 12:11:40,097 p=26924 u=root n=ansible | ok: [proxy-server] => {
    "ansible_os_family": "RedHat"
}
2024-10-02 12:11:40,106 p=26924 u=root n=ansible | ok: [monitoring-server] => {
    "ansible_os_family": "Debian"
}
2024-10-02 12:11:40,113 p=26924 u=root n=ansible | TASK [Install Apache Web Server for Debian] *********************************************************************************
2024-10-02 12:11:40,139 p=26924 u=root n=ansible | skipping: [proxy-server]
2024-10-02 12:11:41,689 p=26924 u=root n=ansible | ok: [monitoring-server]
2024-10-02 12:11:41,696 p=26924 u=root n=ansible | TASK [Start Web Server and enable on boot [Debian]] *************************************************************************
2024-10-02 12:11:41,718 p=26924 u=root n=ansible | skipping: [proxy-server]
2024-10-02 12:11:42,639 p=26924 u=root n=ansible | ok: [monitoring-server]
2024-10-02 12:11:42,646 p=26924 u=root n=ansible | TASK [Install Apache Web Server for RedHat] *********************************************************************************
2024-10-02 12:11:42,684 p=26924 u=root n=ansible | skipping: [monitoring-server]
2024-10-02 12:11:44,966 p=26924 u=root n=ansible | ok: [proxy-server]
2024-10-02 12:11:44,972 p=26924 u=root n=ansible | TASK [Start Web Server and enable on boot [RedHat]] *************************************************************************
2024-10-02 12:11:45,005 p=26924 u=root n=ansible | skipping: [monitoring-server]
2024-10-02 12:11:45,785 p=26924 u=root n=ansible | ok: [proxy-server]
2024-10-02 12:11:45,792 p=26924 u=root n=ansible | TASK [Copy web page to Web Server] ******************************************************************************************
2024-10-02 12:11:47,190 p=26924 u=root n=ansible | changed: [monitoring-server] => (item=index.html)
2024-10-02 12:11:47,547 p=26924 u=root n=ansible | changed: [proxy-server] => (item=index.html)
2024-10-02 12:11:48,317 p=26924 u=root n=ansible | changed: [monitoring-server] => (item=styles.css)
2024-10-02 12:11:49,260 p=26924 u=root n=ansible | changed: [proxy-server] => (item=styles.css)
2024-10-02 12:11:49,287 p=26924 u=root n=ansible | RUNNING HANDLER [Restart Apache on Debian] **********************************************************************************
2024-10-02 12:11:49,314 p=26924 u=root n=ansible | skipping: [proxy-server]
2024-10-02 12:11:49,994 p=26924 u=root n=ansible | changed: [monitoring-server]
2024-10-02 12:11:50,001 p=26924 u=root n=ansible | RUNNING HANDLER [Restart Apache on RedHat] **********************************************************************************
2024-10-02 12:11:50,040 p=26924 u=root n=ansible | skipping: [monitoring-server]
2024-10-02 12:11:51,954 p=26924 u=root n=ansible | changed: [proxy-server]
2024-10-02 12:11:51,977 p=26924 u=root n=ansible | PLAY RECAP ******************************************************************************************************************
2024-10-02 12:11:51,977 p=26924 u=root n=ansible | app-server                 : ok=0    changed=0    unreachable=1    failed=0    skipped=0    rescued=0    ignored=0   
2024-10-02 12:11:51,977 p=26924 u=root n=ansible | monitoring-server          : ok=6    changed=2    unreachable=0    failed=0    skipped=3    rescued=0    ignored=0   
2024-10-02 12:11:51,978 p=26924 u=root n=ansible | proxy-server               : ok=6    changed=2    unreachable=0    failed=0    skipped=3    rescued=0    ignored=0   
2024-10-02 12:35:11,177 p=29361 u=root n=ansible | ERROR! the playbook: install_apache_pb_loop.yml could not be found
2024-10-02 12:35:21,977 p=29380 u=root n=ansible | PLAY [Install Apache and Upload web page to monitoring-server] **************************************************************
2024-10-02 12:35:21,989 p=29380 u=root n=ansible | TASK [Gathering Facts] ******************************************************************************************************
2024-10-02 12:35:24,362 p=29380 u=root n=ansible | ok: [proxy-server]
2024-10-02 12:35:24,446 p=29380 u=root n=ansible | ok: [monitoring-server]
2024-10-02 12:35:25,133 p=29380 u=root n=ansible | fatal: [app-server]: UNREACHABLE! => {"changed": false, "msg": "Failed to connect to the host via ssh: ssh: connect to host 192.168.140.137 port 2424: No route to host", "unreachable": true}
2024-10-02 12:35:25,158 p=29380 u=root n=ansible | TASK [List controlled servers] **********************************************************************************************
2024-10-02 12:35:25,187 p=29380 u=root n=ansible | ok: [proxy-server] => {
    "ansible_os_family": "RedHat"
}
2024-10-02 12:35:25,198 p=29380 u=root n=ansible | ok: [monitoring-server] => {
    "ansible_os_family": "Debian"
}
2024-10-02 12:35:25,204 p=29380 u=root n=ansible | TASK [Install Apache Web Server for Debian] *********************************************************************************
2024-10-02 12:35:25,225 p=29380 u=root n=ansible | skipping: [proxy-server]
2024-10-02 12:35:26,740 p=29380 u=root n=ansible | ok: [monitoring-server]
2024-10-02 12:35:26,746 p=29380 u=root n=ansible | TASK [Start Web Server and enable on boot [Debian]] *************************************************************************
2024-10-02 12:35:26,771 p=29380 u=root n=ansible | skipping: [proxy-server]
2024-10-02 12:35:27,691 p=29380 u=root n=ansible | ok: [monitoring-server]
2024-10-02 12:35:27,697 p=29380 u=root n=ansible | TASK [Install Apache Web Server for RedHat] *********************************************************************************
2024-10-02 12:35:27,732 p=29380 u=root n=ansible | skipping: [monitoring-server]
2024-10-02 12:35:29,977 p=29380 u=root n=ansible | ok: [proxy-server]
2024-10-02 12:35:29,983 p=29380 u=root n=ansible | TASK [Start Web Server and enable on boot [RedHat]] *************************************************************************
2024-10-02 12:35:30,023 p=29380 u=root n=ansible | skipping: [monitoring-server]
2024-10-02 12:35:30,806 p=29380 u=root n=ansible | ok: [proxy-server]
2024-10-02 12:35:30,813 p=29380 u=root n=ansible | TASK [Copy web page to Web Server] ******************************************************************************************
2024-10-02 12:35:32,149 p=29380 u=root n=ansible | ok: [monitoring-server] => (item=/root/ansible/playbooks/files/./web_example/index.html)
2024-10-02 12:35:32,434 p=29380 u=root n=ansible | ok: [proxy-server] => (item=/root/ansible/playbooks/files/./web_example/index.html)
2024-10-02 12:35:33,202 p=29380 u=root n=ansible | ok: [monitoring-server] => (item=/root/ansible/playbooks/files/./web_example/styles.css)
2024-10-02 12:35:34,024 p=29380 u=root n=ansible | ok: [proxy-server] => (item=/root/ansible/playbooks/files/./web_example/styles.css)
2024-10-02 12:35:34,066 p=29380 u=root n=ansible | PLAY RECAP ******************************************************************************************************************
2024-10-02 12:35:34,067 p=29380 u=root n=ansible | app-server                 : ok=0    changed=0    unreachable=1    failed=0    skipped=0    rescued=0    ignored=0   
2024-10-02 12:35:34,067 p=29380 u=root n=ansible | monitoring-server          : ok=5    changed=0    unreachable=0    failed=0    skipped=2    rescued=0    ignored=0   
2024-10-02 12:35:34,067 p=29380 u=root n=ansible | proxy-server               : ok=5    changed=0    unreachable=0    failed=0    skipped=2    rescued=0    ignored=0   
